<?xml version="1.0" encoding="UTF-8"?>
<testng-results ignored="0" total="1" passed="1" failed="0" skipped="0">
  <reporter-output>
  </reporter-output>
  <suite started-at="2025-02-27T15:47:41 IST" name="Default suite" finished-at="2025-02-27T15:47:45 IST" duration-ms="4404">
    <groups>
    </groups>
    <test started-at="2025-02-27T15:47:41 IST" name="Default test" finished-at="2025-02-27T15:47:45 IST" duration-ms="4404">
      <class name="dynamicJson_LibraryAPI.DynamicJson_3_2">
        <test-method signature="GenerateBook()[pri:0, instance:dynamicJson_LibraryAPI.DynamicJson_3_2@48974e45]" started-at="2025-02-27T15:47:41 IST" name="GenerateBook" finished-at="2025-02-27T15:47:45 IST" duration-ms="4276" status="PASS">
          <reporter-output>
          </reporter-output>
        </test-method> <!-- GenerateBook -->
      </class> <!-- dynamicJson_LibraryAPI.DynamicJson_3_2 -->
    </test> <!-- Default test -->
  </suite> <!-- Default suite -->
</testng-results>
