<?xml version="1.0" encoding="UTF-8"?>
<testng-results ignored="0" total="1" passed="1" failed="0" skipped="0">
  <reporter-output>
  </reporter-output>
  <suite started-at="2025-03-22T11:12:04 IST" name="Default suite" finished-at="2025-03-22T11:12:10 IST" duration-ms="5654">
    <groups>
    </groups>
    <test started-at="2025-03-22T11:12:04 IST" name="Default test" finished-at="2025-03-22T11:12:10 IST" duration-ms="5654">
      <class name="ExcelDriven_2_learn.ExcelDriven_Using_HashMap_Excel_Integrate">
        <test-method signature="addBook()[pri:0, instance:ExcelDriven_2_learn.ExcelDriven_Using_HashMap_Excel_Integrate@247d8ae]" started-at="2025-03-22T11:12:04 IST" name="addBook" finished-at="2025-03-22T11:12:10 IST" duration-ms="5576" status="PASS">
          <reporter-output>
          </reporter-output>
        </test-method> <!-- addBook -->
      </class> <!-- ExcelDriven_2_learn.ExcelDriven_Using_HashMap_Excel_Integrate -->
    </test> <!-- Default test -->
  </suite> <!-- Default suite -->
</testng-results>
